<?xml version="1.0" encoding="UTF-8"?>
<!-- Generated by org.testng.reporters.JUnitXMLReporter -->
<testsuite hostname="DESKTOP-UR5LEMI" ignored="0" name="Test" tests="4" failures="0" timestamp="12 Nov 2020 20:29:11 GMT" time="45.095" errors="0">
  <testcase name="seleniumAssignmentScenario_1" time="1.123" classname="com.project.BaseObject.ScenarioOne"/>
  <testcase name="seleniumAssignmentScenario_2" time="1.242" classname="com.project.BaseObject.ScenarioTwo"/>
  <testcase name="seleniumAssignmentScenario_3" time="1.482" classname="com.project.BaseObject.ScenarioThree"/>
  <testcase name="seleniumAssignmentScenario_4" time="1.134" classname="com.project.BaseObject.ScenarioFour"/>
</testsuite> <!-- Test -->
